<?xml version="1.0" encoding="UTF-8"?>
<!-- Generated by org.testng.reporters.JUnitReportReporter -->
<testsuite skipped="0" hostname="CORPLPTP000053" name="com.aakash.qa.testcases.LoginPageTest" tests="1" failures="0" timestamp="2020-04-28T14:13:41 IST" time="42.886" errors="0">
  <testcase name="loginTest" time="42.886" classname="com.aakash.qa.testcases.LoginPageTest"/>
  <system-out/>
</testsuite> <!-- com.aakash.qa.testcases.LoginPageTest -->
