<?xml version="1.0" encoding="UTF-8"?>
<!-- Generated by org.testng.reporters.JUnitReportReporter -->
<testsuite skipped="0" hostname="CORPLPTP000053" name="com.aakash.qa.testcases.SearchedCoursePageTest" tests="1" failures="0" timestamp="2020-04-01T15:57:32 IST" time="53.922" errors="0">
  <testcase name="validateOnPayRegistration" time="53.922" classname="com.aakash.qa.testcases.SearchedCoursePageTest"/>
  <system-out/>
</testsuite> <!-- com.aakash.qa.testcases.SearchedCoursePageTest -->
