<?xml version="1.0" encoding="UTF-8"?>
<!-- Generated by org.testng.reporters.JUnitReportReporter -->
<testsuite skipped="0" hostname="CORPLPTP000053" name="com.aakash.qa.testcases.CartPageTest" tests="1" failures="0" timestamp="2020-04-03T13:10:03 IST" time="95.783" errors="0">
  <testcase name="validateCheckOut" time="95.783" classname="com.aakash.qa.testcases.CartPageTest"/>
  <system-out/>
</testsuite> <!-- com.aakash.qa.testcases.CartPageTest -->
