<?xml version="1.0" encoding="UTF-8"?>
<!-- Generated by org.testng.reporters.JUnitReportReporter -->
<testsuite skipped="0" hostname="CORPLPTP000053" name="com.aakash.qa.testcases.LoginPageTest" tests="1" failures="0" timestamp="2020-04-19T14:12:05 IST" time="76.752" errors="0">
  <testcase name="validateLoginPage" time="76.752" classname="com.aakash.qa.testcases.LoginPageTest"/>
  <system-out/>
</testsuite> <!-- com.aakash.qa.testcases.LoginPageTest -->
