<?xml version="1.0" encoding="UTF-8"?>
<!-- Generated by org.testng.reporters.JUnitReportReporter -->
<testsuite skipped="0" hostname="CORPLPTP000053" name="com.aakash.qa.testcases.CustomerDetailsPageTest" tests="1" failures="0" timestamp="2020-04-15T23:23:26 IST" time="90.908" errors="0">
  <testcase name="validateCheckOut" time="90.908" classname="com.aakash.qa.testcases.CustomerDetailsPageTest"/>
  <system-out/>
</testsuite> <!-- com.aakash.qa.testcases.CustomerDetailsPageTest -->
