<?xml version="1.0" encoding="UTF-8"?>
<!-- Generated by org.testng.reporters.JUnitReportReporter -->
<testsuite skipped="0" hostname="CORPLPTP000053" name="com.aakash.qa.testcases.CoursePageTest" tests="1" failures="0" timestamp="2020-04-01T11:09:30 IST" time="73.904" errors="0">
  <testcase name="engineering" time="73.904" classname="com.aakash.qa.testcases.CoursePageTest"/>
  <system-out/>
</testsuite> <!-- com.aakash.qa.testcases.CoursePageTest -->
