<?xml version="1.0" encoding="UTF-8"?>
<!-- Generated by org.testng.reporters.JUnitReportReporter -->
<testsuite skipped="1" hostname="CORPLPTP000053" name="com.aakash.qa.testcases.AakashHomePageTest" tests="2" failures="0" timestamp="2020-04-24T11:23:49 IST" time="5.132" errors="1">
  <testcase name="setup" time="5.132" classname="com.aakash.qa.testcases.AakashHomePageTest">
    <error type="org.openqa.selenium.SessionNotCreatedException" message="session not created: This version of ChromeDriver only supports Chrome version 79
Build info: version: &#039;4.0.0-alpha-4&#039;, revision: &#039;c2d955b49e&#039;
System info: host: &#039;CORPLPTP000053&#039;, ip: &#039;192.168.1.5&#039;, os.name: &#039;Windows 10&#039;, os.arch: &#039;amd64&#039;, os.version: &#039;10.0&#039;, java.version: &#039;1.8.0_201&#039;
Driver info: driver.version: ChromeDriver
remote stacktrace: Backtrace:
	Ordinal0 [0x00B1A113+1548563]
	Ordinal0 [0x00A9DDA1+1039777]
	Ordinal0 [0x00A1E485+517253]
	Ordinal0 [0x009AFD34+64820]
	Ordinal0 [0x009AC61E+50718]
	Ordinal0 [0x009CB797+178071]
	Ordinal0 [0x009CB59D+177565]
	Ordinal0 [0x009C95FB+169467]
	Ordinal0 [0x009B160A+71178]
	Ordinal0 [0x009B2690+75408]
	Ordinal0 [0x009B2629+75305]
	Ordinal0 [0x00AB71B7+1143223]
	GetHandleVerifier [0x00BB2B46+507814]
	GetHandleVerifier [0x00BB2864+507076]
	GetHandleVerifier [0x00BB9F47+537511]
	GetHandleVerifier [0x00BB3402+510050]
	Ordinal0 [0x00AAF29C+1110684]
	Ordinal0 [0x00AB938B+1151883]
	Ordinal0 [0x00AB94F3+1152243]
	Ordinal0 [0x00AB83F5+1147893]
	BaseThreadInitThunk [0x76566359+25]
	RtlGetAppContainerNamedObjectPath [0x773D7C14+228]
	RtlGetAppContainerNamedObjectPath [0x773D7BE4+180]
">
      <![CDATA[org.openqa.selenium.SessionNotCreatedException: session not created: This version of ChromeDriver only supports Chrome version 79
Build info: version: '4.0.0-alpha-4', revision: 'c2d955b49e'
System info: host: 'CORPLPTP000053', ip: '192.168.1.5', os.name: 'Windows 10', os.arch: 'amd64', os.version: '10.0', java.version: '1.8.0_201'
Driver info: driver.version: ChromeDriver
remote stacktrace: Backtrace:
Ordinal0 [0x00B1A113+1548563]
Ordinal0 [0x00A9DDA1+1039777]
Ordinal0 [0x00A1E485+517253]
Ordinal0 [0x009AFD34+64820]
Ordinal0 [0x009AC61E+50718]
Ordinal0 [0x009CB797+178071]
Ordinal0 [0x009CB59D+177565]
Ordinal0 [0x009C95FB+169467]
Ordinal0 [0x009B160A+71178]
Ordinal0 [0x009B2690+75408]
Ordinal0 [0x009B2629+75305]
Ordinal0 [0x00AB71B7+1143223]
GetHandleVerifier [0x00BB2B46+507814]
GetHandleVerifier [0x00BB2864+507076]
GetHandleVerifier [0x00BB9F47+537511]
GetHandleVerifier [0x00BB3402+510050]
Ordinal0 [0x00AAF29C+1110684]
Ordinal0 [0x00AB938B+1151883]
Ordinal0 [0x00AB94F3+1152243]
Ordinal0 [0x00AB83F5+1147893]
BaseThreadInitThunk [0x76566359+25]
RtlGetAppContainerNamedObjectPath [0x773D7C14+228]
RtlGetAppContainerNamedObjectPath [0x773D7BE4+180]

at sun.reflect.NativeConstructorAccessorImpl.newInstance0(Native Method)
at sun.reflect.NativeConstructorAccessorImpl.newInstance(Unknown Source)
at sun.reflect.DelegatingConstructorAccessorImpl.newInstance(Unknown Source)
at java.lang.reflect.Constructor.newInstance(Unknown Source)
at org.openqa.selenium.remote.W3CHandshakeResponse.lambda$errorHandler$0(W3CHandshakeResponse.java:62)
at org.openqa.selenium.remote.HandshakeResponse.lambda$getResponseFunction$0(HandshakeResponse.java:30)
at org.openqa.selenium.remote.ProtocolHandshake.lambda$createSession$1(ProtocolHandshake.java:126)
at java.util.stream.ReferencePipeline$3$1.accept(Unknown Source)
at java.util.Spliterators$ArraySpliterator.tryAdvance(Unknown Source)
at java.util.stream.ReferencePipeline.forEachWithCancel(Unknown Source)
at java.util.stream.AbstractPipeline.copyIntoWithCancel(Unknown Source)
at java.util.stream.AbstractPipeline.copyInto(Unknown Source)
at java.util.stream.AbstractPipeline.wrapAndCopyInto(Unknown Source)
at java.util.stream.FindOps$FindOp.evaluateSequential(Unknown Source)
at java.util.stream.AbstractPipeline.evaluate(Unknown Source)
at java.util.stream.ReferencePipeline.findFirst(Unknown Source)
at org.openqa.selenium.remote.ProtocolHandshake.createSession(ProtocolHandshake.java:128)
at org.openqa.selenium.remote.ProtocolHandshake.createSession(ProtocolHandshake.java:75)
at org.openqa.selenium.remote.HttpCommandExecutor.execute(HttpCommandExecutor.java:139)
at org.openqa.selenium.remote.service.DriverCommandExecutor.execute(DriverCommandExecutor.java:83)
at org.openqa.selenium.remote.RemoteWebDriver.execute(RemoteWebDriver.java:582)
at org.openqa.selenium.remote.RemoteWebDriver.startSession(RemoteWebDriver.java:216)
at org.openqa.selenium.remote.RemoteWebDriver.<init>(RemoteWebDriver.java:136)
at org.openqa.selenium.chromium.ChromiumDriver.<init>(ChromiumDriver.java:75)
at org.openqa.selenium.chrome.ChromeDriver.<init>(ChromeDriver.java:163)
at org.openqa.selenium.chrome.ChromeDriver.<init>(ChromeDriver.java:150)
at org.openqa.selenium.chrome.ChromeDriver.<init>(ChromeDriver.java:105)
at com.aakash.qa.base.TestBase.initialaztion(TestBase.java:48)
at com.aakash.qa.testcases.AakashHomePageTest.setup(AakashHomePageTest.java:29)
at sun.reflect.NativeMethodAccessorImpl.invoke0(Native Method)
at sun.reflect.NativeMethodAccessorImpl.invoke(Unknown Source)
at sun.reflect.DelegatingMethodAccessorImpl.invoke(Unknown Source)
at java.lang.reflect.Method.invoke(Unknown Source)
at org.testng.internal.MethodInvocationHelper.invokeMethod(MethodInvocationHelper.java:134)
at org.testng.internal.MethodInvocationHelper.invokeMethodConsideringTimeout(MethodInvocationHelper.java:63)
at org.testng.internal.ConfigInvoker.invokeConfigurationMethod(ConfigInvoker.java:348)
at org.testng.internal.ConfigInvoker.invokeConfigurations(ConfigInvoker.java:302)
at org.testng.internal.TestInvoker.runConfigMethods(TestInvoker.java:695)
at org.testng.internal.TestInvoker.invokeMethod(TestInvoker.java:523)
at org.testng.internal.TestInvoker.invokeTestMethod(TestInvoker.java:173)
at org.testng.internal.MethodRunner.runInSequence(MethodRunner.java:46)
at org.testng.internal.TestInvoker$MethodInvocationAgent.invoke(TestInvoker.java:816)
at org.testng.internal.TestInvoker.invokeTestMethods(TestInvoker.java:146)
at org.testng.internal.TestMethodWorker.invokeTestMethods(TestMethodWorker.java:146)
at org.testng.internal.TestMethodWorker.run(TestMethodWorker.java:128)
at java.util.ArrayList.forEach(Unknown Source)
at org.testng.TestRunner.privateRun(TestRunner.java:766)
at org.testng.TestRunner.run(TestRunner.java:587)
at org.testng.SuiteRunner.runTest(SuiteRunner.java:384)
at org.testng.SuiteRunner.runSequentially(SuiteRunner.java:378)
at org.testng.SuiteRunner.privateRun(SuiteRunner.java:337)
at org.testng.SuiteRunner.run(SuiteRunner.java:286)
at org.testng.SuiteRunnerWorker.runSuite(SuiteRunnerWorker.java:53)
at org.testng.SuiteRunnerWorker.run(SuiteRunnerWorker.java:96)
at org.testng.TestNG.runSuitesSequentially(TestNG.java:1187)
at org.testng.TestNG.runSuitesLocally(TestNG.java:1109)
at org.testng.TestNG.runSuites(TestNG.java:1039)
at org.testng.TestNG.run(TestNG.java:1007)
at org.testng.remote.AbstractRemoteTestNG.run(AbstractRemoteTestNG.java:115)
at org.testng.remote.RemoteTestNG.initAndRun(RemoteTestNG.java:251)
at org.testng.remote.RemoteTestNG.main(RemoteTestNG.java:77)
]]>
    </error>
  </testcase> <!-- setup -->
  <system-out/>
  <testcase name="clickOnCoursesLink" time="0.000" classname="com.aakash.qa.testcases.AakashHomePageTest">
    <skipped/>
  </testcase> <!-- clickOnCoursesLink -->
  <system-out/>
</testsuite> <!-- com.aakash.qa.testcases.AakashHomePageTest -->
