<?xml version="1.0" encoding="UTF-8"?>
<!-- Generated by org.testng.reporters.JUnitReportReporter -->
<testsuite skipped="0" hostname="CORPLPTP000053" name="com.aakash.qa.testcases.CartPageTest" tests="1" failures="0" timestamp="2020-04-01T16:25:40 IST" time="72.658" errors="0">
  <testcase name="validateCheckOut" time="72.658" classname="com.aakash.qa.testcases.CartPageTest"/>
  <system-out/>
</testsuite> <!-- com.aakash.qa.testcases.CartPageTest -->
