<?xml version="1.0" encoding="UTF-8"?>
<!-- Generated by org.testng.reporters.JUnitReportReporter -->
<testsuite skipped="0" hostname="CORPLPTP000053" name="com.aakash.qa.testcases.AakashPage" tests="1" failures="0" timestamp="2020-03-27T15:48:35 IST" time="32.691" errors="0">
  <testcase name="testAakash" time="32.691" classname="com.aakash.qa.testcases.AakashPage"/>
  <system-out/>
</testsuite> <!-- com.aakash.qa.testcases.AakashPage -->
