<?xml version="1.0" encoding="UTF-8"?>
<!-- Generated by org.testng.reporters.JUnitReportReporter -->
<testsuite skipped="0" hostname="CORPLPTP000053" name="com.aakash.qa.testcases.LoginPageTest" tests="1" failures="0" timestamp="2020-04-08T17:55:59 IST" time="47.584" errors="0">
  <testcase name="validateLoginPage" time="47.584" classname="com.aakash.qa.testcases.LoginPageTest"/>
  <system-out/>
</testsuite> <!-- com.aakash.qa.testcases.LoginPageTest -->
