<?xml version="1.0" encoding="UTF-8"?>
<!-- Generated by org.testng.reporters.JUnitReportReporter -->
<testsuite skipped="0" hostname="CORPLPTP000053" name="com.aakash.qa.testcases.LoginPageTest" tests="1" failures="0" timestamp="2020-05-07T00:45:05 IST" time="40.774" errors="0">
  <testcase name="loginTest" time="40.774" classname="com.aakash.qa.testcases.LoginPageTest"/>
  <system-out/>
</testsuite> <!-- com.aakash.qa.testcases.LoginPageTest -->
