<?xml version="1.0" encoding="UTF-8"?>
<!-- Generated by org.testng.reporters.JUnitReportReporter -->
<testsuite skipped="0" hostname="CORPLPTP000053" name="com.aakash.qa.testcases.CustomerDetailsPageTest" tests="1" failures="0" timestamp="2020-04-28T13:44:25 IST" time="61.777" errors="0">
  <testcase name="validateCheckOut" time="61.777" classname="com.aakash.qa.testcases.CustomerDetailsPageTest"/>
  <system-out/>
</testsuite> <!-- com.aakash.qa.testcases.CustomerDetailsPageTest -->
