<?xml version="1.0" encoding="UTF-8"?>
<!-- Generated by org.testng.reporters.JUnitReportReporter -->
<testsuite skipped="0" hostname="CORPLPTP000053" name="com.aakash.qa.testcases.AakashHomePageTest" tests="1" failures="0" timestamp="2020-04-25T23:33:33 IST" time="42.406" errors="0">
  <testcase name="clickOnCoursesLink" time="42.406" classname="com.aakash.qa.testcases.AakashHomePageTest"/>
  <system-out/>
</testsuite> <!-- com.aakash.qa.testcases.AakashHomePageTest -->
